c:\users\moisesantonio\documents\visual studio 2013\projects\wfalectorarchivos\wfalectorarchivos\debug\vc120.pdb
c:\users\moisesantonio\documents\visual studio 2013\projects\wfalectorarchivos\wfalectorarchivos\debug\wfalectorarchivos.obj
c:\users\moisesantonio\documents\visual studio 2013\projects\wfalectorarchivos\wfalectorarchivos\debug\formordenamiento.obj
c:\users\moisesantonio\documents\visual studio 2013\projects\wfalectorarchivos\wfalectorarchivos\debug\wfalectorarchivos.pch
c:\users\moisesantonio\documents\visual studio 2013\projects\wfalectorarchivos\wfalectorarchivos\debug\stdafx.obj
c:\users\moisesantonio\documents\visual studio 2013\projects\wfalectorarchivos\wfalectorarchivos\debug\assemblyinfo.obj
c:\users\moisesantonio\documents\visual studio 2013\projects\wfalectorarchivos\wfalectorarchivos\debug\.netframework,version=v4.5.assemblyattributes.obj
c:\users\moisesantonio\documents\visual studio 2013\projects\wfalectorarchivos\wfalectorarchivos\debug\app.res
c:\users\moisesantonio\documents\visual studio 2013\projects\wfalectorarchivos\wfalectorarchivos\debug\wfalectorarchivos.formordenamiento.resources
c:\users\moisesantonio\documents\visual studio 2013\projects\wfalectorarchivos\wfalectorarchivos\debug\wfalectorarchivos.vcxproj.generateresource.cache
c:\users\moisesantonio\documents\visual studio 2013\projects\wfalectorarchivos\wfalectorarchivos\debug\wfalectorarchivos.vcxprojresolveassemblyreference.cache
c:\users\moisesantonio\documents\visual studio 2013\projects\wfalectorarchivos\debug\wfalectorarchivos.pdb
c:\users\moisesantonio\documents\visual studio 2013\projects\wfalectorarchivos\wfalectorarchivos\debug\wfalecto.3be0f264.tlog\cl.command.1.tlog
c:\users\moisesantonio\documents\visual studio 2013\projects\wfalectorarchivos\wfalectorarchivos\debug\wfalecto.3be0f264.tlog\cl.read.1.tlog
c:\users\moisesantonio\documents\visual studio 2013\projects\wfalectorarchivos\wfalectorarchivos\debug\wfalecto.3be0f264.tlog\cl.write.1.tlog
c:\users\moisesantonio\documents\visual studio 2013\projects\wfalectorarchivos\wfalectorarchivos\debug\wfalecto.3be0f264.tlog\link.9412-cvtres.read.1.tlog
c:\users\moisesantonio\documents\visual studio 2013\projects\wfalectorarchivos\wfalectorarchivos\debug\wfalecto.3be0f264.tlog\link.9412-cvtres.write.1.tlog
c:\users\moisesantonio\documents\visual studio 2013\projects\wfalectorarchivos\wfalectorarchivos\debug\wfalecto.3be0f264.tlog\link.9412-rc.read.1.tlog
c:\users\moisesantonio\documents\visual studio 2013\projects\wfalectorarchivos\wfalectorarchivos\debug\wfalecto.3be0f264.tlog\link.9412-rc.write.1.tlog
c:\users\moisesantonio\documents\visual studio 2013\projects\wfalectorarchivos\wfalectorarchivos\debug\wfalecto.3be0f264.tlog\link.9412.read.1.tlog
c:\users\moisesantonio\documents\visual studio 2013\projects\wfalectorarchivos\wfalectorarchivos\debug\wfalecto.3be0f264.tlog\link.9412.write.1.tlog
c:\users\moisesantonio\documents\visual studio 2013\projects\wfalectorarchivos\wfalectorarchivos\debug\wfalecto.3be0f264.tlog\link.command.1.tlog
c:\users\moisesantonio\documents\visual studio 2013\projects\wfalectorarchivos\wfalectorarchivos\debug\wfalecto.3be0f264.tlog\link.read.1.tlog
c:\users\moisesantonio\documents\visual studio 2013\projects\wfalectorarchivos\wfalectorarchivos\debug\wfalecto.3be0f264.tlog\link.write.1.tlog
c:\users\moisesantonio\documents\visual studio 2013\projects\wfalectorarchivos\wfalectorarchivos\debug\wfalecto.3be0f264.tlog\metagen.read.1.tlog
c:\users\moisesantonio\documents\visual studio 2013\projects\wfalectorarchivos\wfalectorarchivos\debug\wfalecto.3be0f264.tlog\metagen.write.1.tlog
c:\users\moisesantonio\documents\visual studio 2013\projects\wfalectorarchivos\wfalectorarchivos\debug\wfalecto.3be0f264.tlog\rc.command.1.tlog
c:\users\moisesantonio\documents\visual studio 2013\projects\wfalectorarchivos\wfalectorarchivos\debug\wfalecto.3be0f264.tlog\rc.read.1.tlog
c:\users\moisesantonio\documents\visual studio 2013\projects\wfalectorarchivos\wfalectorarchivos\debug\wfalecto.3be0f264.tlog\rc.write.1.tlog
c:\users\moisesantonio\documents\visual studio 2013\projects\wfalectorarchivos\wfalectorarchivos\debug\wfalecto.3be0f264.tlog\wfalectorarchivos.write.1u.tlog
c:\users\moisesantonio\documents\visual studio 2013\projects\wfalectorarchivos\wfalectorarchivos\debug\wfalecto.3be0f264.tlog\tzres.dll.bi
